<?xml version="1.0" encoding="UTF-8" standalone="no"?>
<testsuite errors="0" failures="0" name="io.cucumber.core.plugin.JUnitFormatter" skipped="0" tests="2" time="0.032">
    <testcase classname="Check home Page functionality" name="Check logout link" time="0.005">
        <system-out><![CDATA[Given user is logged in.....................................................passed
When user enters username and password......................................passed
And clicks on login button..................................................passed
Then user is navigated to homepage..........................................passed
Given user clicks on welcome link...........................................passed
Then logout link is displayed...............................................passed
]]></system-out>
    </testcase>
    <testcase classname="Check home Page functionality" name="Verify quick launch toolbar is present" time="0.003">
        <system-out><![CDATA[Given user is logged in.....................................................passed
When user enters username and password......................................passed
And clicks on login button..................................................passed
Then user is navigated to homepage..........................................passed
Given user clicks on dashboard link.........................................passed
Then quick launch toolbar is displayed......................................passed
]]></system-out>
    </testcase>
</testsuite>
