<?xml version="1.0" encoding="UTF-8"?>
<testng-results ignored="0" total="2" passed="2" failed="0" skipped="0">
  <reporter-output>
  </reporter-output>
  <suite started-at="2020-09-18T08:41:05 IST" name="Default suite" finished-at="2020-09-18T08:41:50 IST" duration-ms="45287">
    <groups>
    </groups>
    <test started-at="2020-09-18T08:41:05 IST" name="Default test" finished-at="2020-09-18T08:41:50 IST" duration-ms="45287">
      <class name="NewTest">
        <test-method is-config="true" signature="beforeSuite()[pri:0, instance:NewTest@233fe9b6]" started-at="2020-09-18T08:41:05 IST" name="beforeSuite" finished-at="2020-09-18T08:41:05 IST" duration-ms="11" status="PASS">
          <reporter-output>
          </reporter-output>
        </test-method> <!-- beforeSuite -->
        <test-method is-config="true" signature="beforeTest()[pri:0, instance:NewTest@233fe9b6]" started-at="2020-09-18T08:41:05 IST" name="beforeTest" finished-at="2020-09-18T08:41:05 IST" duration-ms="0" status="PASS">
          <reporter-output>
          </reporter-output>
        </test-method> <!-- beforeTest -->
        <test-method is-config="true" signature="beforeClass()[pri:0, instance:NewTest@233fe9b6]" started-at="2020-09-18T08:41:05 IST" name="beforeClass" finished-at="2020-09-18T08:41:05 IST" duration-ms="0" status="PASS">
          <reporter-output>
          </reporter-output>
        </test-method> <!-- beforeClass -->
        <test-method is-config="true" signature="beforeMethod()[pri:0, instance:NewTest@233fe9b6]" started-at="2020-09-18T08:41:05 IST" name="beforeMethod" finished-at="2020-09-18T08:41:23 IST" duration-ms="18676" status="PASS">
          <reporter-output>
          </reporter-output>
        </test-method> <!-- beforeMethod -->
        <test-method signature="f(java.lang.Integer, java.lang.String)[pri:0, instance:NewTest@233fe9b6]" started-at="2020-09-18T08:41:23 IST" name="f" data-provider="dp" finished-at="2020-09-18T08:41:23 IST" duration-ms="4" status="PASS">
          <params>
            <param index="0">
              <value>
                <![CDATA[1]]>
              </value>
            </param>
            <param index="1">
              <value>
                <![CDATA[a]]>
              </value>
            </param>
          </params>
          <reporter-output>
          </reporter-output>
        </test-method> <!-- f -->
        <test-method is-config="true" signature="afterMethod()[pri:0, instance:NewTest@233fe9b6]" started-at="2020-09-18T08:41:23 IST" name="afterMethod" finished-at="2020-09-18T08:41:29 IST" duration-ms="5532" status="PASS">
          <reporter-output>
          </reporter-output>
        </test-method> <!-- afterMethod -->
        <test-method is-config="true" signature="beforeMethod()[pri:0, instance:NewTest@233fe9b6]" started-at="2020-09-18T08:41:29 IST" name="beforeMethod" finished-at="2020-09-18T08:41:45 IST" duration-ms="15788" status="PASS">
          <reporter-output>
          </reporter-output>
        </test-method> <!-- beforeMethod -->
        <test-method signature="f(java.lang.Integer, java.lang.String)[pri:0, instance:NewTest@233fe9b6]" started-at="2020-09-18T08:41:45 IST" name="f" data-provider="dp" finished-at="2020-09-18T08:41:45 IST" duration-ms="1" status="PASS">
          <params>
            <param index="0">
              <value>
                <![CDATA[2]]>
              </value>
            </param>
            <param index="1">
              <value>
                <![CDATA[b]]>
              </value>
            </param>
          </params>
          <reporter-output>
          </reporter-output>
        </test-method> <!-- f -->
        <test-method is-config="true" signature="afterMethod()[pri:0, instance:NewTest@233fe9b6]" started-at="2020-09-18T08:41:45 IST" name="afterMethod" finished-at="2020-09-18T08:41:50 IST" duration-ms="5251" status="PASS">
          <reporter-output>
          </reporter-output>
        </test-method> <!-- afterMethod -->
        <test-method is-config="true" signature="afterClass()[pri:0, instance:NewTest@233fe9b6]" started-at="2020-09-18T08:41:50 IST" name="afterClass" finished-at="2020-09-18T08:41:50 IST" duration-ms="0" status="PASS">
          <reporter-output>
          </reporter-output>
        </test-method> <!-- afterClass -->
        <test-method is-config="true" signature="afterTest()[pri:0, instance:NewTest@233fe9b6]" started-at="2020-09-18T08:41:50 IST" name="afterTest" finished-at="2020-09-18T08:41:50 IST" duration-ms="1" status="PASS">
          <reporter-output>
          </reporter-output>
        </test-method> <!-- afterTest -->
        <test-method is-config="true" signature="afterSuite()[pri:0, instance:NewTest@233fe9b6]" started-at="2020-09-18T08:41:50 IST" name="afterSuite" finished-at="2020-09-18T08:41:50 IST" duration-ms="1" status="PASS">
          <reporter-output>
          </reporter-output>
        </test-method> <!-- afterSuite -->
      </class> <!-- NewTest -->
    </test> <!-- Default test -->
  </suite> <!-- Default suite -->
</testng-results>
